<?xml version="1.0" encoding="UTF-8"?>
<!-- Generated by org.testng.reporters.JUnitReportReporter -->
<testsuite hostname="DESKTOP-AHJ7FPI" failures="0" tests="2" name="com.message.withEmoji" time="7.960" errors="0" timestamp="2025-02-20T00:30:39 IST" skipped="0">
  <testcase classname="com.message.withEmoji" name="Search" time="5.282"/>
  <testcase classname="com.message.withEmoji" name="Search" time="2.678"/>
</testsuite> <!-- com.message.withEmoji -->
