<?xml version="1.0" encoding="UTF-8"?>
<!-- Generated by org.testng.reporters.JUnitReportReporter -->
<testsuite hostname="DESKTOP-AHJ7FPI" failures="0" tests="2" name="com.message.NumberSearch" time="5.062" errors="0" timestamp="2025-02-19T23:19:36 IST" skipped="0">
  <testcase classname="com.message.NumberSearch" name="Search" time="2.517"/>
  <testcase classname="com.message.NumberSearch" name="Search" time="2.545"/>
</testsuite> <!-- com.message.NumberSearch -->
