<?xml version="1.0" encoding="UTF-8"?>
<!-- Generated by org.testng.reporters.JUnitReportReporter -->
<testsuite hostname="DESKTOP-AHJ7FPI" failures="0" tests="1" name="com.message.NumberSearch" time="8.682" errors="0" timestamp="2025-02-20T00:46:21 IST" skipped="0">
  <testcase classname="com.message.NumberSearch" name="Search" time="8.682"/>
</testsuite> <!-- com.message.NumberSearch -->
